[2021-03-07 08:10:10] local.ERROR: There are no commands defined in the "clear" namespace. {"exception":"[object] (Symfony\\Component\\Console\\Exception\\NamespaceNotFoundException(code: 0): There are no commands defined in the \"clear\" namespace. at /Users/aungmyooo/website/Re-Union/vendor/symfony/console/Application.php:581)
[stacktrace]
#0 /Users/aungmyooo/website/Re-Union/vendor/symfony/console/Application.php(632): Symfony\\Component\\Console\\Application->findNamespace('clear')
#1 /Users/aungmyooo/website/Re-Union/vendor/symfony/console/Application.php(230): Symfony\\Component\\Console\\Application->find('clear:cache')
#2 /Users/aungmyooo/website/Re-Union/vendor/symfony/console/Application.php(142): Symfony\\Component\\Console\\Application->doRun(Object(Symfony\\Component\\Console\\Input\\ArgvInput), Object(Symfony\\Component\\Console\\Output\\ConsoleOutput))
#3 /Users/aungmyooo/website/Re-Union/vendor/laravel/framework/src/Illuminate/Console/Application.php(93): Symfony\\Component\\Console\\Application->run(Object(Symfony\\Component\\Console\\Input\\ArgvInput), Object(Symfony\\Component\\Console\\Output\\ConsoleOutput))
#4 /Users/aungmyooo/website/Re-Union/vendor/laravel/framework/src/Illuminate/Foundation/Console/Kernel.php(129): Illuminate\\Console\\Application->run(Object(Symfony\\Component\\Console\\Input\\ArgvInput), Object(Symfony\\Component\\Console\\Output\\ConsoleOutput))
#5 /Users/aungmyooo/website/Re-Union/artisan(37): Illuminate\\Foundation\\Console\\Kernel->handle(Object(Symfony\\Component\\Console\\Input\\ArgvInput), Object(Symfony\\Component\\Console\\Output\\ConsoleOutput))
#6 {main}
"} 
[2021-03-07 08:10:10] local.ERROR: SQLSTATE[HY000] [2002] php_network_getaddresses: getaddrinfo failed: nodename nor servname provided, or not known (SQL: select count(*) as aggregate from `telescope_entries` where `type` = exception and `family_hash` = 54c4b39a88778b4fe191eab41dcd98f2) {"exception":"[object] (Illuminate\\Database\\QueryException(code: 2002): SQLSTATE[HY000] [2002] php_network_getaddresses: getaddrinfo failed: nodename nor servname provided, or not known (SQL: select count(*) as aggregate from `telescope_entries` where `type` = exception and `family_hash` = 54c4b39a88778b4fe191eab41dcd98f2) at /Users/aungmyooo/website/Re-Union/vendor/laravel/framework/src/Illuminate/Database/Connection.php:671)
[stacktrace]
#0 /Users/aungmyooo/website/Re-Union/vendor/laravel/framework/src/Illuminate/Database/Connection.php(631): Illuminate\\Database\\Connection->runQueryCallback('select count(*)...', Array, Object(Closure))
#1 /Users/aungmyooo/website/Re-Union/vendor/laravel/framework/src/Illuminate/Database/Connection.php(339): Illuminate\\Database\\Connection->run('select count(*)...', Array, Object(Closure))
#2 /Users/aungmyooo/website/Re-Union/vendor/laravel/framework/src/Illuminate/Database/Query/Builder.php(2302): Illuminate\\Database\\Connection->select('select count(*)...', Array, true)
#3 /Users/aungmyooo/website/Re-Union/vendor/laravel/framework/src/Illuminate/Database/Query/Builder.php(2290): Illuminate\\Database\\Query\\Builder->runSelect()
#4 /Users/aungmyooo/website/Re-Union/vendor/laravel/framework/src/Illuminate/Database/Query/Builder.php(2785): Illuminate\\Database\\Query\\Builder->Illuminate\\Database\\Query\\{closure}()
#5 /Users/aungmyooo/website/Re-Union/vendor/laravel/framework/src/Illuminate/Database/Query/Builder.php(2291): Illuminate\\Database\\Query\\Builder->onceWithColumns(Array, Object(Closure))
#6 /Users/aungmyooo/website/Re-Union/vendor/laravel/framework/src/Illuminate/Database/Query/Builder.php(2712): Illuminate\\Database\\Query\\Builder->get(Array)
#7 /Users/aungmyooo/website/Re-Union/vendor/laravel/framework/src/Illuminate/Database/Query/Builder.php(2640): Illuminate\\Database\\Query\\Builder->aggregate('count', Array)
#8 /Users/aungmyooo/website/Re-Union/vendor/laravel/telescope/src/Storage/DatabaseEntriesRepository.php(122): Illuminate\\Database\\Query\\Builder->count()
#9 /Users/aungmyooo/website/Re-Union/vendor/laravel/telescope/src/Storage/DatabaseEntriesRepository.php(164): Laravel\\Telescope\\Storage\\DatabaseEntriesRepository->countExceptionOccurences(Object(Laravel\\Telescope\\IncomingExceptionEntry))
#10 [internal function]: Laravel\\Telescope\\Storage\\DatabaseEntriesRepository->Laravel\\Telescope\\Storage\\{closure}(Object(Laravel\\Telescope\\IncomingExceptionEntry), 0)
#11 /Users/aungmyooo/website/Re-Union/vendor/laravel/framework/src/Illuminate/Collections/Collection.php(630): array_map(Object(Closure), Array, Array)
#12 /Users/aungmyooo/website/Re-Union/vendor/laravel/telescope/src/Storage/DatabaseEntriesRepository.php(177): Illuminate\\Support\\Collection->map(Object(Closure))
#13 /Users/aungmyooo/website/Re-Union/vendor/laravel/framework/src/Illuminate/Collections/Traits/EnumeratesValues.php(230): Laravel\\Telescope\\Storage\\DatabaseEntriesRepository->Laravel\\Telescope\\Storage\\{closure}(Object(Illuminate\\Support\\Collection), 0)
#14 /Users/aungmyooo/website/Re-Union/vendor/laravel/telescope/src/Storage/DatabaseEntriesRepository.php(178): Illuminate\\Support\\Collection->each(Object(Closure))
#15 /Users/aungmyooo/website/Re-Union/vendor/laravel/telescope/src/Storage/DatabaseEntriesRepository.php(139): Laravel\\Telescope\\Storage\\DatabaseEntriesRepository->storeExceptions(Object(Illuminate\\Support\\Collection))
#16 /Users/aungmyooo/website/Re-Union/vendor/laravel/telescope/src/Telescope.php(609): Laravel\\Telescope\\Storage\\DatabaseEntriesRepository->store(Object(Illuminate\\Support\\Collection))
#17 [internal function]: Laravel\\Telescope\\Telescope::Laravel\\Telescope\\{closure}()
#18 /Users/aungmyooo/website/Re-Union/vendor/laravel/telescope/src/Telescope.php(242): call_user_func(Object(Closure))
#19 /Users/aungmyooo/website/Re-Union/vendor/laravel/telescope/src/Telescope.php(620): Laravel\\Telescope\\Telescope::withoutRecording(Object(Closure))
#20 /Users/aungmyooo/website/Re-Union/vendor/laravel/telescope/src/ListensForStorageOpportunities.php(44): Laravel\\Telescope\\Telescope::store(Object(Laravel\\Telescope\\Storage\\DatabaseEntriesRepository))
#21 [internal function]: Laravel\\Telescope\\Telescope::Laravel\\Telescope\\{closure}()
#22 /Users/aungmyooo/website/Re-Union/vendor/laravel/framework/src/Illuminate/Container/BoundMethod.php(37): call_user_func_array(Object(Closure), Array)
#23 /Users/aungmyooo/website/Re-Union/vendor/laravel/framework/src/Illuminate/Container/Util.php(40): Illuminate\\Container\\BoundMethod::Illuminate\\Container\\{closure}()
#24 /Users/aungmyooo/website/Re-Union/vendor/laravel/framework/src/Illuminate/Container/BoundMethod.php(83): Illuminate\\Container\\Util::unwrapIfClosure(Object(Closure))
#25 /Users/aungmyooo/website/Re-Union/vendor/laravel/framework/src/Illuminate/Container/BoundMethod.php(39): Illuminate\\Container\\BoundMethod::callBoundMethod(Object(Illuminate\\Foundation\\Application), Object(Closure), Object(Closure))
#26 /Users/aungmyooo/website/Re-Union/vendor/laravel/framework/src/Illuminate/Container/Container.php(596): Illuminate\\Container\\BoundMethod::call(Object(Illuminate\\Foundation\\Application), Object(Closure), Array, NULL)
#27 /Users/aungmyooo/website/Re-Union/vendor/laravel/framework/src/Illuminate/Foundation/Application.php(1095): Illuminate\\Container\\Container->call(Object(Closure))
#28 /Users/aungmyooo/website/Re-Union/vendor/laravel/framework/src/Illuminate/Foundation/Console/Kernel.php(148): Illuminate\\Foundation\\Application->terminate()
#29 /Users/aungmyooo/website/Re-Union/artisan(51): Illuminate\\Foundation\\Console\\Kernel->terminate(Object(Symfony\\Component\\Console\\Input\\ArgvInput), 1)
#30 {main}

[previous exception] [object] (PDOException(code: 2002): SQLSTATE[HY000] [2002] php_network_getaddresses: getaddrinfo failed: nodename nor servname provided, or not known at /Users/aungmyooo/website/Re-Union/vendor/laravel/framework/src/Illuminate/Database/Connectors/Connector.php:70)
[stacktrace]
#0 /Users/aungmyooo/website/Re-Union/vendor/laravel/framework/src/Illuminate/Database/Connectors/Connector.php(70): PDO->__construct('mysql:host=db;p...', 'root', 'union_export_im...', Array)
#1 /Users/aungmyooo/website/Re-Union/vendor/laravel/framework/src/Illuminate/Database/Connectors/Connector.php(46): Illuminate\\Database\\Connectors\\Connector->createPdoConnection('mysql:host=db;p...', 'root', 'union_export_im...', Array)
#2 /Users/aungmyooo/website/Re-Union/vendor/laravel/framework/src/Illuminate/Database/Connectors/MySqlConnector.php(24): Illuminate\\Database\\Connectors\\Connector->createConnection('mysql:host=db;p...', Array, Array)
#3 /Users/aungmyooo/website/Re-Union/vendor/laravel/framework/src/Illuminate/Database/Connectors/ConnectionFactory.php(184): Illuminate\\Database\\Connectors\\MySqlConnector->connect(Array)
#4 [internal function]: Illuminate\\Database\\Connectors\\ConnectionFactory->Illuminate\\Database\\Connectors\\{closure}()
#5 /Users/aungmyooo/website/Re-Union/vendor/laravel/framework/src/Illuminate/Database/Connection.php(926): call_user_func(Object(Closure))
#6 /Users/aungmyooo/website/Re-Union/vendor/laravel/framework/src/Illuminate/Database/Connection.php(961): Illuminate\\Database\\Connection->getPdo()
#7 /Users/aungmyooo/website/Re-Union/vendor/laravel/framework/src/Illuminate/Database/Connection.php(405): Illuminate\\Database\\Connection->getReadPdo()
#8 /Users/aungmyooo/website/Re-Union/vendor/laravel/framework/src/Illuminate/Database/Connection.php(331): Illuminate\\Database\\Connection->getPdoForSelect(true)
#9 /Users/aungmyooo/website/Re-Union/vendor/laravel/framework/src/Illuminate/Database/Connection.php(664): Illuminate\\Database\\Connection->Illuminate\\Database\\{closure}('select count(*)...', Array)
#10 /Users/aungmyooo/website/Re-Union/vendor/laravel/framework/src/Illuminate/Database/Connection.php(631): Illuminate\\Database\\Connection->runQueryCallback('select count(*)...', Array, Object(Closure))
#11 /Users/aungmyooo/website/Re-Union/vendor/laravel/framework/src/Illuminate/Database/Connection.php(339): Illuminate\\Database\\Connection->run('select count(*)...', Array, Object(Closure))
#12 /Users/aungmyooo/website/Re-Union/vendor/laravel/framework/src/Illuminate/Database/Query/Builder.php(2302): Illuminate\\Database\\Connection->select('select count(*)...', Array, true)
#13 /Users/aungmyooo/website/Re-Union/vendor/laravel/framework/src/Illuminate/Database/Query/Builder.php(2290): Illuminate\\Database\\Query\\Builder->runSelect()
#14 /Users/aungmyooo/website/Re-Union/vendor/laravel/framework/src/Illuminate/Database/Query/Builder.php(2785): Illuminate\\Database\\Query\\Builder->Illuminate\\Database\\Query\\{closure}()
#15 /Users/aungmyooo/website/Re-Union/vendor/laravel/framework/src/Illuminate/Database/Query/Builder.php(2291): Illuminate\\Database\\Query\\Builder->onceWithColumns(Array, Object(Closure))
#16 /Users/aungmyooo/website/Re-Union/vendor/laravel/framework/src/Illuminate/Database/Query/Builder.php(2712): Illuminate\\Database\\Query\\Builder->get(Array)
#17 /Users/aungmyooo/website/Re-Union/vendor/laravel/framework/src/Illuminate/Database/Query/Builder.php(2640): Illuminate\\Database\\Query\\Builder->aggregate('count', Array)
#18 /Users/aungmyooo/website/Re-Union/vendor/laravel/telescope/src/Storage/DatabaseEntriesRepository.php(122): Illuminate\\Database\\Query\\Builder->count()
#19 /Users/aungmyooo/website/Re-Union/vendor/laravel/telescope/src/Storage/DatabaseEntriesRepository.php(164): Laravel\\Telescope\\Storage\\DatabaseEntriesRepository->countExceptionOccurences(Object(Laravel\\Telescope\\IncomingExceptionEntry))
#20 [internal function]: Laravel\\Telescope\\Storage\\DatabaseEntriesRepository->Laravel\\Telescope\\Storage\\{closure}(Object(Laravel\\Telescope\\IncomingExceptionEntry), 0)
#21 /Users/aungmyooo/website/Re-Union/vendor/laravel/framework/src/Illuminate/Collections/Collection.php(630): array_map(Object(Closure), Array, Array)
#22 /Users/aungmyooo/website/Re-Union/vendor/laravel/telescope/src/Storage/DatabaseEntriesRepository.php(177): Illuminate\\Support\\Collection->map(Object(Closure))
#23 /Users/aungmyooo/website/Re-Union/vendor/laravel/framework/src/Illuminate/Collections/Traits/EnumeratesValues.php(230): Laravel\\Telescope\\Storage\\DatabaseEntriesRepository->Laravel\\Telescope\\Storage\\{closure}(Object(Illuminate\\Support\\Collection), 0)
#24 /Users/aungmyooo/website/Re-Union/vendor/laravel/telescope/src/Storage/DatabaseEntriesRepository.php(178): Illuminate\\Support\\Collection->each(Object(Closure))
#25 /Users/aungmyooo/website/Re-Union/vendor/laravel/telescope/src/Storage/DatabaseEntriesRepository.php(139): Laravel\\Telescope\\Storage\\DatabaseEntriesRepository->storeExceptions(Object(Illuminate\\Support\\Collection))
#26 /Users/aungmyooo/website/Re-Union/vendor/laravel/telescope/src/Telescope.php(609): Laravel\\Telescope\\Storage\\DatabaseEntriesRepository->store(Object(Illuminate\\Support\\Collection))
#27 [internal function]: Laravel\\Telescope\\Telescope::Laravel\\Telescope\\{closure}()
#28 /Users/aungmyooo/website/Re-Union/vendor/laravel/telescope/src/Telescope.php(242): call_user_func(Object(Closure))
#29 /Users/aungmyooo/website/Re-Union/vendor/laravel/telescope/src/Telescope.php(620): Laravel\\Telescope\\Telescope::withoutRecording(Object(Closure))
#30 /Users/aungmyooo/website/Re-Union/vendor/laravel/telescope/src/ListensForStorageOpportunities.php(44): Laravel\\Telescope\\Telescope::store(Object(Laravel\\Telescope\\Storage\\DatabaseEntriesRepository))
#31 [internal function]: Laravel\\Telescope\\Telescope::Laravel\\Telescope\\{closure}()
#32 /Users/aungmyooo/website/Re-Union/vendor/laravel/framework/src/Illuminate/Container/BoundMethod.php(37): call_user_func_array(Object(Closure), Array)
#33 /Users/aungmyooo/website/Re-Union/vendor/laravel/framework/src/Illuminate/Container/Util.php(40): Illuminate\\Container\\BoundMethod::Illuminate\\Container\\{closure}()
#34 /Users/aungmyooo/website/Re-Union/vendor/laravel/framework/src/Illuminate/Container/BoundMethod.php(83): Illuminate\\Container\\Util::unwrapIfClosure(Object(Closure))
#35 /Users/aungmyooo/website/Re-Union/vendor/laravel/framework/src/Illuminate/Container/BoundMethod.php(39): Illuminate\\Container\\BoundMethod::callBoundMethod(Object(Illuminate\\Foundation\\Application), Object(Closure), Object(Closure))
#36 /Users/aungmyooo/website/Re-Union/vendor/laravel/framework/src/Illuminate/Container/Container.php(596): Illuminate\\Container\\BoundMethod::call(Object(Illuminate\\Foundation\\Application), Object(Closure), Array, NULL)
#37 /Users/aungmyooo/website/Re-Union/vendor/laravel/framework/src/Illuminate/Foundation/Application.php(1095): Illuminate\\Container\\Container->call(Object(Closure))
#38 /Users/aungmyooo/website/Re-Union/vendor/laravel/framework/src/Illuminate/Foundation/Console/Kernel.php(148): Illuminate\\Foundation\\Application->terminate()
#39 /Users/aungmyooo/website/Re-Union/artisan(51): Illuminate\\Foundation\\Console\\Kernel->terminate(Object(Symfony\\Component\\Console\\Input\\ArgvInput), 1)
#40 {main}

[previous exception] [object] (PDOException(code: 0): PDO::__construct(): php_network_getaddresses: getaddrinfo failed: nodename nor servname provided, or not known at /Users/aungmyooo/website/Re-Union/vendor/laravel/framework/src/Illuminate/Database/Connectors/Connector.php:70)
[stacktrace]
#0 /Users/aungmyooo/website/Re-Union/vendor/laravel/framework/src/Illuminate/Database/Connectors/Connector.php(70): PDO->__construct('mysql:host=db;p...', 'root', 'union_export_im...', Array)
#1 /Users/aungmyooo/website/Re-Union/vendor/laravel/framework/src/Illuminate/Database/Connectors/Connector.php(46): Illuminate\\Database\\Connectors\\Connector->createPdoConnection('mysql:host=db;p...', 'root', 'union_export_im...', Array)
#2 /Users/aungmyooo/website/Re-Union/vendor/laravel/framework/src/Illuminate/Database/Connectors/MySqlConnector.php(24): Illuminate\\Database\\Connectors\\Connector->createConnection('mysql:host=db;p...', Array, Array)
#3 /Users/aungmyooo/website/Re-Union/vendor/laravel/framework/src/Illuminate/Database/Connectors/ConnectionFactory.php(184): Illuminate\\Database\\Connectors\\MySqlConnector->connect(Array)
#4 [internal function]: Illuminate\\Database\\Connectors\\ConnectionFactory->Illuminate\\Database\\Connectors\\{closure}()
#5 /Users/aungmyooo/website/Re-Union/vendor/laravel/framework/src/Illuminate/Database/Connection.php(926): call_user_func(Object(Closure))
#6 /Users/aungmyooo/website/Re-Union/vendor/laravel/framework/src/Illuminate/Database/Connection.php(961): Illuminate\\Database\\Connection->getPdo()
#7 /Users/aungmyooo/website/Re-Union/vendor/laravel/framework/src/Illuminate/Database/Connection.php(405): Illuminate\\Database\\Connection->getReadPdo()
#8 /Users/aungmyooo/website/Re-Union/vendor/laravel/framework/src/Illuminate/Database/Connection.php(331): Illuminate\\Database\\Connection->getPdoForSelect(true)
#9 /Users/aungmyooo/website/Re-Union/vendor/laravel/framework/src/Illuminate/Database/Connection.php(664): Illuminate\\Database\\Connection->Illuminate\\Database\\{closure}('select count(*)...', Array)
#10 /Users/aungmyooo/website/Re-Union/vendor/laravel/framework/src/Illuminate/Database/Connection.php(631): Illuminate\\Database\\Connection->runQueryCallback('select count(*)...', Array, Object(Closure))
#11 /Users/aungmyooo/website/Re-Union/vendor/laravel/framework/src/Illuminate/Database/Connection.php(339): Illuminate\\Database\\Connection->run('select count(*)...', Array, Object(Closure))
#12 /Users/aungmyooo/website/Re-Union/vendor/laravel/framework/src/Illuminate/Database/Query/Builder.php(2302): Illuminate\\Database\\Connection->select('select count(*)...', Array, true)
#13 /Users/aungmyooo/website/Re-Union/vendor/laravel/framework/src/Illuminate/Database/Query/Builder.php(2290): Illuminate\\Database\\Query\\Builder->runSelect()
#14 /Users/aungmyooo/website/Re-Union/vendor/laravel/framework/src/Illuminate/Database/Query/Builder.php(2785): Illuminate\\Database\\Query\\Builder->Illuminate\\Database\\Query\\{closure}()
#15 /Users/aungmyooo/website/Re-Union/vendor/laravel/framework/src/Illuminate/Database/Query/Builder.php(2291): Illuminate\\Database\\Query\\Builder->onceWithColumns(Array, Object(Closure))
#16 /Users/aungmyooo/website/Re-Union/vendor/laravel/framework/src/Illuminate/Database/Query/Builder.php(2712): Illuminate\\Database\\Query\\Builder->get(Array)
#17 /Users/aungmyooo/website/Re-Union/vendor/laravel/framework/src/Illuminate/Database/Query/Builder.php(2640): Illuminate\\Database\\Query\\Builder->aggregate('count', Array)
#18 /Users/aungmyooo/website/Re-Union/vendor/laravel/telescope/src/Storage/DatabaseEntriesRepository.php(122): Illuminate\\Database\\Query\\Builder->count()
#19 /Users/aungmyooo/website/Re-Union/vendor/laravel/telescope/src/Storage/DatabaseEntriesRepository.php(164): Laravel\\Telescope\\Storage\\DatabaseEntriesRepository->countExceptionOccurences(Object(Laravel\\Telescope\\IncomingExceptionEntry))
#20 [internal function]: Laravel\\Telescope\\Storage\\DatabaseEntriesRepository->Laravel\\Telescope\\Storage\\{closure}(Object(Laravel\\Telescope\\IncomingExceptionEntry), 0)
#21 /Users/aungmyooo/website/Re-Union/vendor/laravel/framework/src/Illuminate/Collections/Collection.php(630): array_map(Object(Closure), Array, Array)
#22 /Users/aungmyooo/website/Re-Union/vendor/laravel/telescope/src/Storage/DatabaseEntriesRepository.php(177): Illuminate\\Support\\Collection->map(Object(Closure))
#23 /Users/aungmyooo/website/Re-Union/vendor/laravel/framework/src/Illuminate/Collections/Traits/EnumeratesValues.php(230): Laravel\\Telescope\\Storage\\DatabaseEntriesRepository->Laravel\\Telescope\\Storage\\{closure}(Object(Illuminate\\Support\\Collection), 0)
#24 /Users/aungmyooo/website/Re-Union/vendor/laravel/telescope/src/Storage/DatabaseEntriesRepository.php(178): Illuminate\\Support\\Collection->each(Object(Closure))
#25 /Users/aungmyooo/website/Re-Union/vendor/laravel/telescope/src/Storage/DatabaseEntriesRepository.php(139): Laravel\\Telescope\\Storage\\DatabaseEntriesRepository->storeExceptions(Object(Illuminate\\Support\\Collection))
#26 /Users/aungmyooo/website/Re-Union/vendor/laravel/telescope/src/Telescope.php(609): Laravel\\Telescope\\Storage\\DatabaseEntriesRepository->store(Object(Illuminate\\Support\\Collection))
#27 [internal function]: Laravel\\Telescope\\Telescope::Laravel\\Telescope\\{closure}()
#28 /Users/aungmyooo/website/Re-Union/vendor/laravel/telescope/src/Telescope.php(242): call_user_func(Object(Closure))
#29 /Users/aungmyooo/website/Re-Union/vendor/laravel/telescope/src/Telescope.php(620): Laravel\\Telescope\\Telescope::withoutRecording(Object(Closure))
#30 /Users/aungmyooo/website/Re-Union/vendor/laravel/telescope/src/ListensForStorageOpportunities.php(44): Laravel\\Telescope\\Telescope::store(Object(Laravel\\Telescope\\Storage\\DatabaseEntriesRepository))
#31 [internal function]: Laravel\\Telescope\\Telescope::Laravel\\Telescope\\{closure}()
#32 /Users/aungmyooo/website/Re-Union/vendor/laravel/framework/src/Illuminate/Container/BoundMethod.php(37): call_user_func_array(Object(Closure), Array)
#33 /Users/aungmyooo/website/Re-Union/vendor/laravel/framework/src/Illuminate/Container/Util.php(40): Illuminate\\Container\\BoundMethod::Illuminate\\Container\\{closure}()
#34 /Users/aungmyooo/website/Re-Union/vendor/laravel/framework/src/Illuminate/Container/BoundMethod.php(83): Illuminate\\Container\\Util::unwrapIfClosure(Object(Closure))
#35 /Users/aungmyooo/website/Re-Union/vendor/laravel/framework/src/Illuminate/Container/BoundMethod.php(39): Illuminate\\Container\\BoundMethod::callBoundMethod(Object(Illuminate\\Foundation\\Application), Object(Closure), Object(Closure))
#36 /Users/aungmyooo/website/Re-Union/vendor/laravel/framework/src/Illuminate/Container/Container.php(596): Illuminate\\Container\\BoundMethod::call(Object(Illuminate\\Foundation\\Application), Object(Closure), Array, NULL)
#37 /Users/aungmyooo/website/Re-Union/vendor/laravel/framework/src/Illuminate/Foundation/Application.php(1095): Illuminate\\Container\\Container->call(Object(Closure))
#38 /Users/aungmyooo/website/Re-Union/vendor/laravel/framework/src/Illuminate/Foundation/Console/Kernel.php(148): Illuminate\\Foundation\\Application->terminate()
#39 /Users/aungmyooo/website/Re-Union/artisan(51): Illuminate\\Foundation\\Console\\Kernel->terminate(Object(Symfony\\Component\\Console\\Input\\ArgvInput), 1)
#40 {main}
"} 
[2021-03-07 08:10:19] local.ERROR: SQLSTATE[HY000] [2002] php_network_getaddresses: getaddrinfo failed: nodename nor servname provided, or not known (SQL: insert into `telescope_entries` (`batch_id`, `content`, `created_at`, `family_hash`, `type`, `uuid`) values (92e495b5-e133-4b5f-8394-dab1eb51644c, {"name":"cache:clearing","payload":[null,[]],"listeners":[],"broadcast":false,"hostname":"Aungs-MBP.lan"}, 2021-03-07 08:10:19, ?, event, 92e495b5-dd61-46bd-89b7-fe08a1c15b46), (92e495b5-e133-4b5f-8394-dab1eb51644c, {"name":"cache:cleared","payload":[null,[]],"listeners":[],"broadcast":false,"hostname":"Aungs-MBP.lan"}, 2021-03-07 08:10:19, ?, event, 92e495b5-e0d6-41bf-bd85-4c93e1930867), (92e495b5-e133-4b5f-8394-dab1eb51644c, {"command":"cache:clear","exit_code":0,"arguments":{"command":"cache:clear","store":null},"options":{"tags":null,"help":false,"quiet":false,"verbose":false,"version":false,"ansi":false,"no-ansi":false,"no-interaction":false,"env":null},"hostname":"Aungs-MBP.lan"}, 2021-03-07 08:10:19, ?, command, 92e495b5-e116-424a-ac7d-d0e262bd03d5)) {"exception":"[object] (Illuminate\\Database\\QueryException(code: 2002): SQLSTATE[HY000] [2002] php_network_getaddresses: getaddrinfo failed: nodename nor servname provided, or not known (SQL: insert into `telescope_entries` (`batch_id`, `content`, `created_at`, `family_hash`, `type`, `uuid`) values (92e495b5-e133-4b5f-8394-dab1eb51644c, {\"name\":\"cache:clearing\",\"payload\":[null,[]],\"listeners\":[],\"broadcast\":false,\"hostname\":\"Aungs-MBP.lan\"}, 2021-03-07 08:10:19, ?, event, 92e495b5-dd61-46bd-89b7-fe08a1c15b46), (92e495b5-e133-4b5f-8394-dab1eb51644c, {\"name\":\"cache:cleared\",\"payload\":[null,[]],\"listeners\":[],\"broadcast\":false,\"hostname\":\"Aungs-MBP.lan\"}, 2021-03-07 08:10:19, ?, event, 92e495b5-e0d6-41bf-bd85-4c93e1930867), (92e495b5-e133-4b5f-8394-dab1eb51644c, {\"command\":\"cache:clear\",\"exit_code\":0,\"arguments\":{\"command\":\"cache:clear\",\"store\":null},\"options\":{\"tags\":null,\"help\":false,\"quiet\":false,\"verbose\":false,\"version\":false,\"ansi\":false,\"no-ansi\":false,\"no-interaction\":false,\"env\":null},\"hostname\":\"Aungs-MBP.lan\"}, 2021-03-07 08:10:19, ?, command, 92e495b5-e116-424a-ac7d-d0e262bd03d5)) at /Users/aungmyooo/website/Re-Union/vendor/laravel/framework/src/Illuminate/Database/Connection.php:671)
[stacktrace]
#0 /Users/aungmyooo/website/Re-Union/vendor/laravel/framework/src/Illuminate/Database/Connection.php(631): Illuminate\\Database\\Connection->runQueryCallback('insert into `te...', Array, Object(Closure))
#1 /Users/aungmyooo/website/Re-Union/vendor/laravel/framework/src/Illuminate/Database/Connection.php(465): Illuminate\\Database\\Connection->run('insert into `te...', Array, Object(Closure))
#2 /Users/aungmyooo/website/Re-Union/vendor/laravel/framework/src/Illuminate/Database/Connection.php(417): Illuminate\\Database\\Connection->statement('insert into `te...', Array)
#3 /Users/aungmyooo/website/Re-Union/vendor/laravel/framework/src/Illuminate/Database/Query/Builder.php(2827): Illuminate\\Database\\Connection->insert('insert into `te...', Array)
#4 /Users/aungmyooo/website/Re-Union/vendor/laravel/telescope/src/Storage/DatabaseEntriesRepository.php(148): Illuminate\\Database\\Query\\Builder->insert(Array)
#5 /Users/aungmyooo/website/Re-Union/vendor/laravel/framework/src/Illuminate/Collections/Traits/EnumeratesValues.php(230): Laravel\\Telescope\\Storage\\DatabaseEntriesRepository->Laravel\\Telescope\\Storage\\{closure}(Object(Illuminate\\Support\\Collection), 0)
#6 /Users/aungmyooo/website/Re-Union/vendor/laravel/telescope/src/Storage/DatabaseEntriesRepository.php(149): Illuminate\\Support\\Collection->each(Object(Closure))
#7 /Users/aungmyooo/website/Re-Union/vendor/laravel/telescope/src/Telescope.php(609): Laravel\\Telescope\\Storage\\DatabaseEntriesRepository->store(Object(Illuminate\\Support\\Collection))
#8 [internal function]: Laravel\\Telescope\\Telescope::Laravel\\Telescope\\{closure}()
#9 /Users/aungmyooo/website/Re-Union/vendor/laravel/telescope/src/Telescope.php(242): call_user_func(Object(Closure))
#10 /Users/aungmyooo/website/Re-Union/vendor/laravel/telescope/src/Telescope.php(620): Laravel\\Telescope\\Telescope::withoutRecording(Object(Closure))
#11 /Users/aungmyooo/website/Re-Union/vendor/laravel/telescope/src/ListensForStorageOpportunities.php(44): Laravel\\Telescope\\Telescope::store(Object(Laravel\\Telescope\\Storage\\DatabaseEntriesRepository))
#12 [internal function]: Laravel\\Telescope\\Telescope::Laravel\\Telescope\\{closure}()
#13 /Users/aungmyooo/website/Re-Union/vendor/laravel/framework/src/Illuminate/Container/BoundMethod.php(37): call_user_func_array(Object(Closure), Array)
#14 /Users/aungmyooo/website/Re-Union/vendor/laravel/framework/src/Illuminate/Container/Util.php(40): Illuminate\\Container\\BoundMethod::Illuminate\\Container\\{closure}()
#15 /Users/aungmyooo/website/Re-Union/vendor/laravel/framework/src/Illuminate/Container/BoundMethod.php(83): Illuminate\\Container\\Util::unwrapIfClosure(Object(Closure))
#16 /Users/aungmyooo/website/Re-Union/vendor/laravel/framework/src/Illuminate/Container/BoundMethod.php(39): Illuminate\\Container\\BoundMethod::callBoundMethod(Object(Illuminate\\Foundation\\Application), Object(Closure), Object(Closure))
#17 /Users/aungmyooo/website/Re-Union/vendor/laravel/framework/src/Illuminate/Container/Container.php(596): Illuminate\\Container\\BoundMethod::call(Object(Illuminate\\Foundation\\Application), Object(Closure), Array, NULL)
#18 /Users/aungmyooo/website/Re-Union/vendor/laravel/framework/src/Illuminate/Foundation/Application.php(1095): Illuminate\\Container\\Container->call(Object(Closure))
#19 /Users/aungmyooo/website/Re-Union/vendor/laravel/framework/src/Illuminate/Foundation/Console/Kernel.php(148): Illuminate\\Foundation\\Application->terminate()
#20 /Users/aungmyooo/website/Re-Union/artisan(51): Illuminate\\Foundation\\Console\\Kernel->terminate(Object(Symfony\\Component\\Console\\Input\\ArgvInput), 0)
#21 {main}

[previous exception] [object] (PDOException(code: 2002): SQLSTATE[HY000] [2002] php_network_getaddresses: getaddrinfo failed: nodename nor servname provided, or not known at /Users/aungmyooo/website/Re-Union/vendor/laravel/framework/src/Illuminate/Database/Connectors/Connector.php:70)
[stacktrace]
#0 /Users/aungmyooo/website/Re-Union/vendor/laravel/framework/src/Illuminate/Database/Connectors/Connector.php(70): PDO->__construct('mysql:host=db;p...', 'root', 'union_export_im...', Array)
#1 /Users/aungmyooo/website/Re-Union/vendor/laravel/framework/src/Illuminate/Database/Connectors/Connector.php(46): Illuminate\\Database\\Connectors\\Connector->createPdoConnection('mysql:host=db;p...', 'root', 'union_export_im...', Array)
#2 /Users/aungmyooo/website/Re-Union/vendor/laravel/framework/src/Illuminate/Database/Connectors/MySqlConnector.php(24): Illuminate\\Database\\Connectors\\Connector->createConnection('mysql:host=db;p...', Array, Array)
#3 /Users/aungmyooo/website/Re-Union/vendor/laravel/framework/src/Illuminate/Database/Connectors/ConnectionFactory.php(184): Illuminate\\Database\\Connectors\\MySqlConnector->connect(Array)
#4 [internal function]: Illuminate\\Database\\Connectors\\ConnectionFactory->Illuminate\\Database\\Connectors\\{closure}()
#5 /Users/aungmyooo/website/Re-Union/vendor/laravel/framework/src/Illuminate/Database/Connection.php(926): call_user_func(Object(Closure))
#6 /Users/aungmyooo/website/Re-Union/vendor/laravel/framework/src/Illuminate/Database/Connection.php(458): Illuminate\\Database\\Connection->getPdo()
#7 /Users/aungmyooo/website/Re-Union/vendor/laravel/framework/src/Illuminate/Database/Connection.php(664): Illuminate\\Database\\Connection->Illuminate\\Database\\{closure}('insert into `te...', Array)
#8 /Users/aungmyooo/website/Re-Union/vendor/laravel/framework/src/Illuminate/Database/Connection.php(631): Illuminate\\Database\\Connection->runQueryCallback('insert into `te...', Array, Object(Closure))
#9 /Users/aungmyooo/website/Re-Union/vendor/laravel/framework/src/Illuminate/Database/Connection.php(465): Illuminate\\Database\\Connection->run('insert into `te...', Array, Object(Closure))
#10 /Users/aungmyooo/website/Re-Union/vendor/laravel/framework/src/Illuminate/Database/Connection.php(417): Illuminate\\Database\\Connection->statement('insert into `te...', Array)
#11 /Users/aungmyooo/website/Re-Union/vendor/laravel/framework/src/Illuminate/Database/Query/Builder.php(2827): Illuminate\\Database\\Connection->insert('insert into `te...', Array)
#12 /Users/aungmyooo/website/Re-Union/vendor/laravel/telescope/src/Storage/DatabaseEntriesRepository.php(148): Illuminate\\Database\\Query\\Builder->insert(Array)
#13 /Users/aungmyooo/website/Re-Union/vendor/laravel/framework/src/Illuminate/Collections/Traits/EnumeratesValues.php(230): Laravel\\Telescope\\Storage\\DatabaseEntriesRepository->Laravel\\Telescope\\Storage\\{closure}(Object(Illuminate\\Support\\Collection), 0)
#14 /Users/aungmyooo/website/Re-Union/vendor/laravel/telescope/src/Storage/DatabaseEntriesRepository.php(149): Illuminate\\Support\\Collection->each(Object(Closure))
#15 /Users/aungmyooo/website/Re-Union/vendor/laravel/telescope/src/Telescope.php(609): Laravel\\Telescope\\Storage\\DatabaseEntriesRepository->store(Object(Illuminate\\Support\\Collection))
#16 [internal function]: Laravel\\Telescope\\Telescope::Laravel\\Telescope\\{closure}()
#17 /Users/aungmyooo/website/Re-Union/vendor/laravel/telescope/src/Telescope.php(242): call_user_func(Object(Closure))
#18 /Users/aungmyooo/website/Re-Union/vendor/laravel/telescope/src/Telescope.php(620): Laravel\\Telescope\\Telescope::withoutRecording(Object(Closure))
#19 /Users/aungmyooo/website/Re-Union/vendor/laravel/telescope/src/ListensForStorageOpportunities.php(44): Laravel\\Telescope\\Telescope::store(Object(Laravel\\Telescope\\Storage\\DatabaseEntriesRepository))
#20 [internal function]: Laravel\\Telescope\\Telescope::Laravel\\Telescope\\{closure}()
#21 /Users/aungmyooo/website/Re-Union/vendor/laravel/framework/src/Illuminate/Container/BoundMethod.php(37): call_user_func_array(Object(Closure), Array)
#22 /Users/aungmyooo/website/Re-Union/vendor/laravel/framework/src/Illuminate/Container/Util.php(40): Illuminate\\Container\\BoundMethod::Illuminate\\Container\\{closure}()
#23 /Users/aungmyooo/website/Re-Union/vendor/laravel/framework/src/Illuminate/Container/BoundMethod.php(83): Illuminate\\Container\\Util::unwrapIfClosure(Object(Closure))
#24 /Users/aungmyooo/website/Re-Union/vendor/laravel/framework/src/Illuminate/Container/BoundMethod.php(39): Illuminate\\Container\\BoundMethod::callBoundMethod(Object(Illuminate\\Foundation\\Application), Object(Closure), Object(Closure))
#25 /Users/aungmyooo/website/Re-Union/vendor/laravel/framework/src/Illuminate/Container/Container.php(596): Illuminate\\Container\\BoundMethod::call(Object(Illuminate\\Foundation\\Application), Object(Closure), Array, NULL)
#26 /Users/aungmyooo/website/Re-Union/vendor/laravel/framework/src/Illuminate/Foundation/Application.php(1095): Illuminate\\Container\\Container->call(Object(Closure))
#27 /Users/aungmyooo/website/Re-Union/vendor/laravel/framework/src/Illuminate/Foundation/Console/Kernel.php(148): Illuminate\\Foundation\\Application->terminate()
#28 /Users/aungmyooo/website/Re-Union/artisan(51): Illuminate\\Foundation\\Console\\Kernel->terminate(Object(Symfony\\Component\\Console\\Input\\ArgvInput), 0)
#29 {main}

[previous exception] [object] (PDOException(code: 0): PDO::__construct(): php_network_getaddresses: getaddrinfo failed: nodename nor servname provided, or not known at /Users/aungmyooo/website/Re-Union/vendor/laravel/framework/src/Illuminate/Database/Connectors/Connector.php:70)
[stacktrace]
#0 /Users/aungmyooo/website/Re-Union/vendor/laravel/framework/src/Illuminate/Database/Connectors/Connector.php(70): PDO->__construct('mysql:host=db;p...', 'root', 'union_export_im...', Array)
#1 /Users/aungmyooo/website/Re-Union/vendor/laravel/framework/src/Illuminate/Database/Connectors/Connector.php(46): Illuminate\\Database\\Connectors\\Connector->createPdoConnection('mysql:host=db;p...', 'root', 'union_export_im...', Array)
#2 /Users/aungmyooo/website/Re-Union/vendor/laravel/framework/src/Illuminate/Database/Connectors/MySqlConnector.php(24): Illuminate\\Database\\Connectors\\Connector->createConnection('mysql:host=db;p...', Array, Array)
#3 /Users/aungmyooo/website/Re-Union/vendor/laravel/framework/src/Illuminate/Database/Connectors/ConnectionFactory.php(184): Illuminate\\Database\\Connectors\\MySqlConnector->connect(Array)
#4 [internal function]: Illuminate\\Database\\Connectors\\ConnectionFactory->Illuminate\\Database\\Connectors\\{closure}()
#5 /Users/aungmyooo/website/Re-Union/vendor/laravel/framework/src/Illuminate/Database/Connection.php(926): call_user_func(Object(Closure))
#6 /Users/aungmyooo/website/Re-Union/vendor/laravel/framework/src/Illuminate/Database/Connection.php(458): Illuminate\\Database\\Connection->getPdo()
#7 /Users/aungmyooo/website/Re-Union/vendor/laravel/framework/src/Illuminate/Database/Connection.php(664): Illuminate\\Database\\Connection->Illuminate\\Database\\{closure}('insert into `te...', Array)
#8 /Users/aungmyooo/website/Re-Union/vendor/laravel/framework/src/Illuminate/Database/Connection.php(631): Illuminate\\Database\\Connection->runQueryCallback('insert into `te...', Array, Object(Closure))
#9 /Users/aungmyooo/website/Re-Union/vendor/laravel/framework/src/Illuminate/Database/Connection.php(465): Illuminate\\Database\\Connection->run('insert into `te...', Array, Object(Closure))
#10 /Users/aungmyooo/website/Re-Union/vendor/laravel/framework/src/Illuminate/Database/Connection.php(417): Illuminate\\Database\\Connection->statement('insert into `te...', Array)
#11 /Users/aungmyooo/website/Re-Union/vendor/laravel/framework/src/Illuminate/Database/Query/Builder.php(2827): Illuminate\\Database\\Connection->insert('insert into `te...', Array)
#12 /Users/aungmyooo/website/Re-Union/vendor/laravel/telescope/src/Storage/DatabaseEntriesRepository.php(148): Illuminate\\Database\\Query\\Builder->insert(Array)
#13 /Users/aungmyooo/website/Re-Union/vendor/laravel/framework/src/Illuminate/Collections/Traits/EnumeratesValues.php(230): Laravel\\Telescope\\Storage\\DatabaseEntriesRepository->Laravel\\Telescope\\Storage\\{closure}(Object(Illuminate\\Support\\Collection), 0)
#14 /Users/aungmyooo/website/Re-Union/vendor/laravel/telescope/src/Storage/DatabaseEntriesRepository.php(149): Illuminate\\Support\\Collection->each(Object(Closure))
#15 /Users/aungmyooo/website/Re-Union/vendor/laravel/telescope/src/Telescope.php(609): Laravel\\Telescope\\Storage\\DatabaseEntriesRepository->store(Object(Illuminate\\Support\\Collection))
#16 [internal function]: Laravel\\Telescope\\Telescope::Laravel\\Telescope\\{closure}()
#17 /Users/aungmyooo/website/Re-Union/vendor/laravel/telescope/src/Telescope.php(242): call_user_func(Object(Closure))
#18 /Users/aungmyooo/website/Re-Union/vendor/laravel/telescope/src/Telescope.php(620): Laravel\\Telescope\\Telescope::withoutRecording(Object(Closure))
#19 /Users/aungmyooo/website/Re-Union/vendor/laravel/telescope/src/ListensForStorageOpportunities.php(44): Laravel\\Telescope\\Telescope::store(Object(Laravel\\Telescope\\Storage\\DatabaseEntriesRepository))
#20 [internal function]: Laravel\\Telescope\\Telescope::Laravel\\Telescope\\{closure}()
#21 /Users/aungmyooo/website/Re-Union/vendor/laravel/framework/src/Illuminate/Container/BoundMethod.php(37): call_user_func_array(Object(Closure), Array)
#22 /Users/aungmyooo/website/Re-Union/vendor/laravel/framework/src/Illuminate/Container/Util.php(40): Illuminate\\Container\\BoundMethod::Illuminate\\Container\\{closure}()
#23 /Users/aungmyooo/website/Re-Union/vendor/laravel/framework/src/Illuminate/Container/BoundMethod.php(83): Illuminate\\Container\\Util::unwrapIfClosure(Object(Closure))
#24 /Users/aungmyooo/website/Re-Union/vendor/laravel/framework/src/Illuminate/Container/BoundMethod.php(39): Illuminate\\Container\\BoundMethod::callBoundMethod(Object(Illuminate\\Foundation\\Application), Object(Closure), Object(Closure))
#25 /Users/aungmyooo/website/Re-Union/vendor/laravel/framework/src/Illuminate/Container/Container.php(596): Illuminate\\Container\\BoundMethod::call(Object(Illuminate\\Foundation\\Application), Object(Closure), Array, NULL)
#26 /Users/aungmyooo/website/Re-Union/vendor/laravel/framework/src/Illuminate/Foundation/Application.php(1095): Illuminate\\Container\\Container->call(Object(Closure))
#27 /Users/aungmyooo/website/Re-Union/vendor/laravel/framework/src/Illuminate/Foundation/Console/Kernel.php(148): Illuminate\\Foundation\\Application->terminate()
#28 /Users/aungmyooo/website/Re-Union/artisan(51): Illuminate\\Foundation\\Console\\Kernel->terminate(Object(Symfony\\Component\\Console\\Input\\ArgvInput), 0)
#29 {main}
"} 
[2021-03-07 08:53:12] local.ERROR: Command "ca" is not defined.

Did you mean one of these?
    cache:clear
    cache:forget
    cache:table
    config:cache
    event:cache
    lighthouse:cache
    lighthouse:clear-cache
    lighthouse:scalar
    make:cast
    make:notification
    notifications:table
    route:cache
    view:cache {"exception":"[object] (Symfony\\Component\\Console\\Exception\\CommandNotFoundException(code: 0): Command \"ca\" is not defined.

Did you mean one of these?
    cache:clear
    cache:forget
    cache:table
    config:cache
    event:cache
    lighthouse:cache
    lighthouse:clear-cache
    lighthouse:scalar
    make:cast
    make:notification
    notifications:table
    route:cache
    view:cache at /Users/aungmyooo/website/Re-Union/vendor/symfony/console/Application.php:651)
[stacktrace]
#0 /Users/aungmyooo/website/Re-Union/vendor/symfony/console/Application.php(230): Symfony\\Component\\Console\\Application->find('ca')
#1 /Users/aungmyooo/website/Re-Union/vendor/symfony/console/Application.php(142): Symfony\\Component\\Console\\Application->doRun(Object(Symfony\\Component\\Console\\Input\\ArgvInput), Object(Symfony\\Component\\Console\\Output\\ConsoleOutput))
#2 /Users/aungmyooo/website/Re-Union/vendor/laravel/framework/src/Illuminate/Console/Application.php(93): Symfony\\Component\\Console\\Application->run(Object(Symfony\\Component\\Console\\Input\\ArgvInput), Object(Symfony\\Component\\Console\\Output\\ConsoleOutput))
#3 /Users/aungmyooo/website/Re-Union/vendor/laravel/framework/src/Illuminate/Foundation/Console/Kernel.php(129): Illuminate\\Console\\Application->run(Object(Symfony\\Component\\Console\\Input\\ArgvInput), Object(Symfony\\Component\\Console\\Output\\ConsoleOutput))
#4 /Users/aungmyooo/website/Re-Union/artisan(37): Illuminate\\Foundation\\Console\\Kernel->handle(Object(Symfony\\Component\\Console\\Input\\ArgvInput), Object(Symfony\\Component\\Console\\Output\\ConsoleOutput))
#5 {main}
"} 
[2021-03-07 08:53:12] local.ERROR: SQLSTATE[HY000] [2002] php_network_getaddresses: getaddrinfo failed: nodename nor servname provided, or not known (SQL: select count(*) as aggregate from `telescope_entries` where `type` = exception and `family_hash` = 73f61eaf5233ab49ef93c8e8bacacf57) {"exception":"[object] (Illuminate\\Database\\QueryException(code: 2002): SQLSTATE[HY000] [2002] php_network_getaddresses: getaddrinfo failed: nodename nor servname provided, or not known (SQL: select count(*) as aggregate from `telescope_entries` where `type` = exception and `family_hash` = 73f61eaf5233ab49ef93c8e8bacacf57) at /Users/aungmyooo/website/Re-Union/vendor/laravel/framework/src/Illuminate/Database/Connection.php:671)
[stacktrace]
#0 /Users/aungmyooo/website/Re-Union/vendor/laravel/framework/src/Illuminate/Database/Connection.php(631): Illuminate\\Database\\Connection->runQueryCallback('select count(*)...', Array, Object(Closure))
#1 /Users/aungmyooo/website/Re-Union/vendor/laravel/framework/src/Illuminate/Database/Connection.php(339): Illuminate\\Database\\Connection->run('select count(*)...', Array, Object(Closure))
#2 /Users/aungmyooo/website/Re-Union/vendor/laravel/framework/src/Illuminate/Database/Query/Builder.php(2302): Illuminate\\Database\\Connection->select('select count(*)...', Array, true)
#3 /Users/aungmyooo/website/Re-Union/vendor/laravel/framework/src/Illuminate/Database/Query/Builder.php(2290): Illuminate\\Database\\Query\\Builder->runSelect()
#4 /Users/aungmyooo/website/Re-Union/vendor/laravel/framework/src/Illuminate/Database/Query/Builder.php(2785): Illuminate\\Database\\Query\\Builder->Illuminate\\Database\\Query\\{closure}()
#5 /Users/aungmyooo/website/Re-Union/vendor/laravel/framework/src/Illuminate/Database/Query/Builder.php(2291): Illuminate\\Database\\Query\\Builder->onceWithColumns(Array, Object(Closure))
#6 /Users/aungmyooo/website/Re-Union/vendor/laravel/framework/src/Illuminate/Database/Query/Builder.php(2712): Illuminate\\Database\\Query\\Builder->get(Array)
#7 /Users/aungmyooo/website/Re-Union/vendor/laravel/framework/src/Illuminate/Database/Query/Builder.php(2640): Illuminate\\Database\\Query\\Builder->aggregate('count', Array)
#8 /Users/aungmyooo/website/Re-Union/vendor/laravel/telescope/src/Storage/DatabaseEntriesRepository.php(122): Illuminate\\Database\\Query\\Builder->count()
#9 /Users/aungmyooo/website/Re-Union/vendor/laravel/telescope/src/Storage/DatabaseEntriesRepository.php(164): Laravel\\Telescope\\Storage\\DatabaseEntriesRepository->countExceptionOccurences(Object(Laravel\\Telescope\\IncomingExceptionEntry))
#10 [internal function]: Laravel\\Telescope\\Storage\\DatabaseEntriesRepository->Laravel\\Telescope\\Storage\\{closure}(Object(Laravel\\Telescope\\IncomingExceptionEntry), 0)
#11 /Users/aungmyooo/website/Re-Union/vendor/laravel/framework/src/Illuminate/Collections/Collection.php(630): array_map(Object(Closure), Array, Array)
#12 /Users/aungmyooo/website/Re-Union/vendor/laravel/telescope/src/Storage/DatabaseEntriesRepository.php(177): Illuminate\\Support\\Collection->map(Object(Closure))
#13 /Users/aungmyooo/website/Re-Union/vendor/laravel/framework/src/Illuminate/Collections/Traits/EnumeratesValues.php(230): Laravel\\Telescope\\Storage\\DatabaseEntriesRepository->Laravel\\Telescope\\Storage\\{closure}(Object(Illuminate\\Support\\Collection), 0)
#14 /Users/aungmyooo/website/Re-Union/vendor/laravel/telescope/src/Storage/DatabaseEntriesRepository.php(178): Illuminate\\Support\\Collection->each(Object(Closure))
#15 /Users/aungmyooo/website/Re-Union/vendor/laravel/telescope/src/Storage/DatabaseEntriesRepository.php(139): Laravel\\Telescope\\Storage\\DatabaseEntriesRepository->storeExceptions(Object(Illuminate\\Support\\Collection))
#16 /Users/aungmyooo/website/Re-Union/vendor/laravel/telescope/src/Telescope.php(609): Laravel\\Telescope\\Storage\\DatabaseEntriesRepository->store(Object(Illuminate\\Support\\Collection))
#17 [internal function]: Laravel\\Telescope\\Telescope::Laravel\\Telescope\\{closure}()
#18 /Users/aungmyooo/website/Re-Union/vendor/laravel/telescope/src/Telescope.php(242): call_user_func(Object(Closure))
#19 /Users/aungmyooo/website/Re-Union/vendor/laravel/telescope/src/Telescope.php(620): Laravel\\Telescope\\Telescope::withoutRecording(Object(Closure))
#20 /Users/aungmyooo/website/Re-Union/vendor/laravel/telescope/src/ListensForStorageOpportunities.php(44): Laravel\\Telescope\\Telescope::store(Object(Laravel\\Telescope\\Storage\\DatabaseEntriesRepository))
#21 [internal function]: Laravel\\Telescope\\Telescope::Laravel\\Telescope\\{closure}()
#22 /Users/aungmyooo/website/Re-Union/vendor/laravel/framework/src/Illuminate/Container/BoundMethod.php(37): call_user_func_array(Object(Closure), Array)
#23 /Users/aungmyooo/website/Re-Union/vendor/laravel/framework/src/Illuminate/Container/Util.php(40): Illuminate\\Container\\BoundMethod::Illuminate\\Container\\{closure}()
#24 /Users/aungmyooo/website/Re-Union/vendor/laravel/framework/src/Illuminate/Container/BoundMethod.php(83): Illuminate\\Container\\Util::unwrapIfClosure(Object(Closure))
#25 /Users/aungmyooo/website/Re-Union/vendor/laravel/framework/src/Illuminate/Container/BoundMethod.php(39): Illuminate\\Container\\BoundMethod::callBoundMethod(Object(Illuminate\\Foundation\\Application), Object(Closure), Object(Closure))
#26 /Users/aungmyooo/website/Re-Union/vendor/laravel/framework/src/Illuminate/Container/Container.php(596): Illuminate\\Container\\BoundMethod::call(Object(Illuminate\\Foundation\\Application), Object(Closure), Array, NULL)
#27 /Users/aungmyooo/website/Re-Union/vendor/laravel/framework/src/Illuminate/Foundation/Application.php(1095): Illuminate\\Container\\Container->call(Object(Closure))
#28 /Users/aungmyooo/website/Re-Union/vendor/laravel/framework/src/Illuminate/Foundation/Console/Kernel.php(148): Illuminate\\Foundation\\Application->terminate()
#29 /Users/aungmyooo/website/Re-Union/artisan(51): Illuminate\\Foundation\\Console\\Kernel->terminate(Object(Symfony\\Component\\Console\\Input\\ArgvInput), 1)
#30 {main}

[previous exception] [object] (PDOException(code: 2002): SQLSTATE[HY000] [2002] php_network_getaddresses: getaddrinfo failed: nodename nor servname provided, or not known at /Users/aungmyooo/website/Re-Union/vendor/laravel/framework/src/Illuminate/Database/Connectors/Connector.php:70)
[stacktrace]
#0 /Users/aungmyooo/website/Re-Union/vendor/laravel/framework/src/Illuminate/Database/Connectors/Connector.php(70): PDO->__construct('mysql:host=db;p...', 'root', 'union_export_im...', Array)
#1 /Users/aungmyooo/website/Re-Union/vendor/laravel/framework/src/Illuminate/Database/Connectors/Connector.php(46): Illuminate\\Database\\Connectors\\Connector->createPdoConnection('mysql:host=db;p...', 'root', 'union_export_im...', Array)
#2 /Users/aungmyooo/website/Re-Union/vendor/laravel/framework/src/Illuminate/Database/Connectors/MySqlConnector.php(24): Illuminate\\Database\\Connectors\\Connector->createConnection('mysql:host=db;p...', Array, Array)
#3 /Users/aungmyooo/website/Re-Union/vendor/laravel/framework/src/Illuminate/Database/Connectors/ConnectionFactory.php(184): Illuminate\\Database\\Connectors\\MySqlConnector->connect(Array)
#4 [internal function]: Illuminate\\Database\\Connectors\\ConnectionFactory->Illuminate\\Database\\Connectors\\{closure}()
#5 /Users/aungmyooo/website/Re-Union/vendor/laravel/framework/src/Illuminate/Database/Connection.php(926): call_user_func(Object(Closure))
#6 /Users/aungmyooo/website/Re-Union/vendor/laravel/framework/src/Illuminate/Database/Connection.php(961): Illuminate\\Database\\Connection->getPdo()
#7 /Users/aungmyooo/website/Re-Union/vendor/laravel/framework/src/Illuminate/Database/Connection.php(405): Illuminate\\Database\\Connection->getReadPdo()
#8 /Users/aungmyooo/website/Re-Union/vendor/laravel/framework/src/Illuminate/Database/Connection.php(331): Illuminate\\Database\\Connection->getPdoForSelect(true)
#9 /Users/aungmyooo/website/Re-Union/vendor/laravel/framework/src/Illuminate/Database/Connection.php(664): Illuminate\\Database\\Connection->Illuminate\\Database\\{closure}('select count(*)...', Array)
#10 /Users/aungmyooo/website/Re-Union/vendor/laravel/framework/src/Illuminate/Database/Connection.php(631): Illuminate\\Database\\Connection->runQueryCallback('select count(*)...', Array, Object(Closure))
#11 /Users/aungmyooo/website/Re-Union/vendor/laravel/framework/src/Illuminate/Database/Connection.php(339): Illuminate\\Database\\Connection->run('select count(*)...', Array, Object(Closure))
#12 /Users/aungmyooo/website/Re-Union/vendor/laravel/framework/src/Illuminate/Database/Query/Builder.php(2302): Illuminate\\Database\\Connection->select('select count(*)...', Array, true)
#13 /Users/aungmyooo/website/Re-Union/vendor/laravel/framework/src/Illuminate/Database/Query/Builder.php(2290): Illuminate\\Database\\Query\\Builder->runSelect()
#14 /Users/aungmyooo/website/Re-Union/vendor/laravel/framework/src/Illuminate/Database/Query/Builder.php(2785): Illuminate\\Database\\Query\\Builder->Illuminate\\Database\\Query\\{closure}()
#15 /Users/aungmyooo/website/Re-Union/vendor/laravel/framework/src/Illuminate/Database/Query/Builder.php(2291): Illuminate\\Database\\Query\\Builder->onceWithColumns(Array, Object(Closure))
#16 /Users/aungmyooo/website/Re-Union/vendor/laravel/framework/src/Illuminate/Database/Query/Builder.php(2712): Illuminate\\Database\\Query\\Builder->get(Array)
#17 /Users/aungmyooo/website/Re-Union/vendor/laravel/framework/src/Illuminate/Database/Query/Builder.php(2640): Illuminate\\Database\\Query\\Builder->aggregate('count', Array)
#18 /Users/aungmyooo/website/Re-Union/vendor/laravel/telescope/src/Storage/DatabaseEntriesRepository.php(122): Illuminate\\Database\\Query\\Builder->count()
#19 /Users/aungmyooo/website/Re-Union/vendor/laravel/telescope/src/Storage/DatabaseEntriesRepository.php(164): Laravel\\Telescope\\Storage\\DatabaseEntriesRepository->countExceptionOccurences(Object(Laravel\\Telescope\\IncomingExceptionEntry))
#20 [internal function]: Laravel\\Telescope\\Storage\\DatabaseEntriesRepository->Laravel\\Telescope\\Storage\\{closure}(Object(Laravel\\Telescope\\IncomingExceptionEntry), 0)
#21 /Users/aungmyooo/website/Re-Union/vendor/laravel/framework/src/Illuminate/Collections/Collection.php(630): array_map(Object(Closure), Array, Array)
#22 /Users/aungmyooo/website/Re-Union/vendor/laravel/telescope/src/Storage/DatabaseEntriesRepository.php(177): Illuminate\\Support\\Collection->map(Object(Closure))
#23 /Users/aungmyooo/website/Re-Union/vendor/laravel/framework/src/Illuminate/Collections/Traits/EnumeratesValues.php(230): Laravel\\Telescope\\Storage\\DatabaseEntriesRepository->Laravel\\Telescope\\Storage\\{closure}(Object(Illuminate\\Support\\Collection), 0)
#24 /Users/aungmyooo/website/Re-Union/vendor/laravel/telescope/src/Storage/DatabaseEntriesRepository.php(178): Illuminate\\Support\\Collection->each(Object(Closure))
#25 /Users/aungmyooo/website/Re-Union/vendor/laravel/telescope/src/Storage/DatabaseEntriesRepository.php(139): Laravel\\Telescope\\Storage\\DatabaseEntriesRepository->storeExceptions(Object(Illuminate\\Support\\Collection))
#26 /Users/aungmyooo/website/Re-Union/vendor/laravel/telescope/src/Telescope.php(609): Laravel\\Telescope\\Storage\\DatabaseEntriesRepository->store(Object(Illuminate\\Support\\Collection))
#27 [internal function]: Laravel\\Telescope\\Telescope::Laravel\\Telescope\\{closure}()
#28 /Users/aungmyooo/website/Re-Union/vendor/laravel/telescope/src/Telescope.php(242): call_user_func(Object(Closure))
#29 /Users/aungmyooo/website/Re-Union/vendor/laravel/telescope/src/Telescope.php(620): Laravel\\Telescope\\Telescope::withoutRecording(Object(Closure))
#30 /Users/aungmyooo/website/Re-Union/vendor/laravel/telescope/src/ListensForStorageOpportunities.php(44): Laravel\\Telescope\\Telescope::store(Object(Laravel\\Telescope\\Storage\\DatabaseEntriesRepository))
#31 [internal function]: Laravel\\Telescope\\Telescope::Laravel\\Telescope\\{closure}()
#32 /Users/aungmyooo/website/Re-Union/vendor/laravel/framework/src/Illuminate/Container/BoundMethod.php(37): call_user_func_array(Object(Closure), Array)
#33 /Users/aungmyooo/website/Re-Union/vendor/laravel/framework/src/Illuminate/Container/Util.php(40): Illuminate\\Container\\BoundMethod::Illuminate\\Container\\{closure}()
#34 /Users/aungmyooo/website/Re-Union/vendor/laravel/framework/src/Illuminate/Container/BoundMethod.php(83): Illuminate\\Container\\Util::unwrapIfClosure(Object(Closure))
#35 /Users/aungmyooo/website/Re-Union/vendor/laravel/framework/src/Illuminate/Container/BoundMethod.php(39): Illuminate\\Container\\BoundMethod::callBoundMethod(Object(Illuminate\\Foundation\\Application), Object(Closure), Object(Closure))
#36 /Users/aungmyooo/website/Re-Union/vendor/laravel/framework/src/Illuminate/Container/Container.php(596): Illuminate\\Container\\BoundMethod::call(Object(Illuminate\\Foundation\\Application), Object(Closure), Array, NULL)
#37 /Users/aungmyooo/website/Re-Union/vendor/laravel/framework/src/Illuminate/Foundation/Application.php(1095): Illuminate\\Container\\Container->call(Object(Closure))
#38 /Users/aungmyooo/website/Re-Union/vendor/laravel/framework/src/Illuminate/Foundation/Console/Kernel.php(148): Illuminate\\Foundation\\Application->terminate()
#39 /Users/aungmyooo/website/Re-Union/artisan(51): Illuminate\\Foundation\\Console\\Kernel->terminate(Object(Symfony\\Component\\Console\\Input\\ArgvInput), 1)
#40 {main}

[previous exception] [object] (PDOException(code: 0): PDO::__construct(): php_network_getaddresses: getaddrinfo failed: nodename nor servname provided, or not known at /Users/aungmyooo/website/Re-Union/vendor/laravel/framework/src/Illuminate/Database/Connectors/Connector.php:70)
[stacktrace]
#0 /Users/aungmyooo/website/Re-Union/vendor/laravel/framework/src/Illuminate/Database/Connectors/Connector.php(70): PDO->__construct('mysql:host=db;p...', 'root', 'union_export_im...', Array)
#1 /Users/aungmyooo/website/Re-Union/vendor/laravel/framework/src/Illuminate/Database/Connectors/Connector.php(46): Illuminate\\Database\\Connectors\\Connector->createPdoConnection('mysql:host=db;p...', 'root', 'union_export_im...', Array)
#2 /Users/aungmyooo/website/Re-Union/vendor/laravel/framework/src/Illuminate/Database/Connectors/MySqlConnector.php(24): Illuminate\\Database\\Connectors\\Connector->createConnection('mysql:host=db;p...', Array, Array)
#3 /Users/aungmyooo/website/Re-Union/vendor/laravel/framework/src/Illuminate/Database/Connectors/ConnectionFactory.php(184): Illuminate\\Database\\Connectors\\MySqlConnector->connect(Array)
#4 [internal function]: Illuminate\\Database\\Connectors\\ConnectionFactory->Illuminate\\Database\\Connectors\\{closure}()
#5 /Users/aungmyooo/website/Re-Union/vendor/laravel/framework/src/Illuminate/Database/Connection.php(926): call_user_func(Object(Closure))
#6 /Users/aungmyooo/website/Re-Union/vendor/laravel/framework/src/Illuminate/Database/Connection.php(961): Illuminate\\Database\\Connection->getPdo()
#7 /Users/aungmyooo/website/Re-Union/vendor/laravel/framework/src/Illuminate/Database/Connection.php(405): Illuminate\\Database\\Connection->getReadPdo()
#8 /Users/aungmyooo/website/Re-Union/vendor/laravel/framework/src/Illuminate/Database/Connection.php(331): Illuminate\\Database\\Connection->getPdoForSelect(true)
#9 /Users/aungmyooo/website/Re-Union/vendor/laravel/framework/src/Illuminate/Database/Connection.php(664): Illuminate\\Database\\Connection->Illuminate\\Database\\{closure}('select count(*)...', Array)
#10 /Users/aungmyooo/website/Re-Union/vendor/laravel/framework/src/Illuminate/Database/Connection.php(631): Illuminate\\Database\\Connection->runQueryCallback('select count(*)...', Array, Object(Closure))
#11 /Users/aungmyooo/website/Re-Union/vendor/laravel/framework/src/Illuminate/Database/Connection.php(339): Illuminate\\Database\\Connection->run('select count(*)...', Array, Object(Closure))
#12 /Users/aungmyooo/website/Re-Union/vendor/laravel/framework/src/Illuminate/Database/Query/Builder.php(2302): Illuminate\\Database\\Connection->select('select count(*)...', Array, true)
#13 /Users/aungmyooo/website/Re-Union/vendor/laravel/framework/src/Illuminate/Database/Query/Builder.php(2290): Illuminate\\Database\\Query\\Builder->runSelect()
#14 /Users/aungmyooo/website/Re-Union/vendor/laravel/framework/src/Illuminate/Database/Query/Builder.php(2785): Illuminate\\Database\\Query\\Builder->Illuminate\\Database\\Query\\{closure}()
#15 /Users/aungmyooo/website/Re-Union/vendor/laravel/framework/src/Illuminate/Database/Query/Builder.php(2291): Illuminate\\Database\\Query\\Builder->onceWithColumns(Array, Object(Closure))
#16 /Users/aungmyooo/website/Re-Union/vendor/laravel/framework/src/Illuminate/Database/Query/Builder.php(2712): Illuminate\\Database\\Query\\Builder->get(Array)
#17 /Users/aungmyooo/website/Re-Union/vendor/laravel/framework/src/Illuminate/Database/Query/Builder.php(2640): Illuminate\\Database\\Query\\Builder->aggregate('count', Array)
#18 /Users/aungmyooo/website/Re-Union/vendor/laravel/telescope/src/Storage/DatabaseEntriesRepository.php(122): Illuminate\\Database\\Query\\Builder->count()
#19 /Users/aungmyooo/website/Re-Union/vendor/laravel/telescope/src/Storage/DatabaseEntriesRepository.php(164): Laravel\\Telescope\\Storage\\DatabaseEntriesRepository->countExceptionOccurences(Object(Laravel\\Telescope\\IncomingExceptionEntry))
#20 [internal function]: Laravel\\Telescope\\Storage\\DatabaseEntriesRepository->Laravel\\Telescope\\Storage\\{closure}(Object(Laravel\\Telescope\\IncomingExceptionEntry), 0)
#21 /Users/aungmyooo/website/Re-Union/vendor/laravel/framework/src/Illuminate/Collections/Collection.php(630): array_map(Object(Closure), Array, Array)
#22 /Users/aungmyooo/website/Re-Union/vendor/laravel/telescope/src/Storage/DatabaseEntriesRepository.php(177): Illuminate\\Support\\Collection->map(Object(Closure))
#23 /Users/aungmyooo/website/Re-Union/vendor/laravel/framework/src/Illuminate/Collections/Traits/EnumeratesValues.php(230): Laravel\\Telescope\\Storage\\DatabaseEntriesRepository->Laravel\\Telescope\\Storage\\{closure}(Object(Illuminate\\Support\\Collection), 0)
#24 /Users/aungmyooo/website/Re-Union/vendor/laravel/telescope/src/Storage/DatabaseEntriesRepository.php(178): Illuminate\\Support\\Collection->each(Object(Closure))
#25 /Users/aungmyooo/website/Re-Union/vendor/laravel/telescope/src/Storage/DatabaseEntriesRepository.php(139): Laravel\\Telescope\\Storage\\DatabaseEntriesRepository->storeExceptions(Object(Illuminate\\Support\\Collection))
#26 /Users/aungmyooo/website/Re-Union/vendor/laravel/telescope/src/Telescope.php(609): Laravel\\Telescope\\Storage\\DatabaseEntriesRepository->store(Object(Illuminate\\Support\\Collection))
#27 [internal function]: Laravel\\Telescope\\Telescope::Laravel\\Telescope\\{closure}()
#28 /Users/aungmyooo/website/Re-Union/vendor/laravel/telescope/src/Telescope.php(242): call_user_func(Object(Closure))
#29 /Users/aungmyooo/website/Re-Union/vendor/laravel/telescope/src/Telescope.php(620): Laravel\\Telescope\\Telescope::withoutRecording(Object(Closure))
#30 /Users/aungmyooo/website/Re-Union/vendor/laravel/telescope/src/ListensForStorageOpportunities.php(44): Laravel\\Telescope\\Telescope::store(Object(Laravel\\Telescope\\Storage\\DatabaseEntriesRepository))
#31 [internal function]: Laravel\\Telescope\\Telescope::Laravel\\Telescope\\{closure}()
#32 /Users/aungmyooo/website/Re-Union/vendor/laravel/framework/src/Illuminate/Container/BoundMethod.php(37): call_user_func_array(Object(Closure), Array)
#33 /Users/aungmyooo/website/Re-Union/vendor/laravel/framework/src/Illuminate/Container/Util.php(40): Illuminate\\Container\\BoundMethod::Illuminate\\Container\\{closure}()
#34 /Users/aungmyooo/website/Re-Union/vendor/laravel/framework/src/Illuminate/Container/BoundMethod.php(83): Illuminate\\Container\\Util::unwrapIfClosure(Object(Closure))
#35 /Users/aungmyooo/website/Re-Union/vendor/laravel/framework/src/Illuminate/Container/BoundMethod.php(39): Illuminate\\Container\\BoundMethod::callBoundMethod(Object(Illuminate\\Foundation\\Application), Object(Closure), Object(Closure))
#36 /Users/aungmyooo/website/Re-Union/vendor/laravel/framework/src/Illuminate/Container/Container.php(596): Illuminate\\Container\\BoundMethod::call(Object(Illuminate\\Foundation\\Application), Object(Closure), Array, NULL)
#37 /Users/aungmyooo/website/Re-Union/vendor/laravel/framework/src/Illuminate/Foundation/Application.php(1095): Illuminate\\Container\\Container->call(Object(Closure))
#38 /Users/aungmyooo/website/Re-Union/vendor/laravel/framework/src/Illuminate/Foundation/Console/Kernel.php(148): Illuminate\\Foundation\\Application->terminate()
#39 /Users/aungmyooo/website/Re-Union/artisan(51): Illuminate\\Foundation\\Console\\Kernel->terminate(Object(Symfony\\Component\\Console\\Input\\ArgvInput), 1)
#40 {main}
"} 
[2021-03-07 08:53:17] local.ERROR: SQLSTATE[HY000] [2002] php_network_getaddresses: getaddrinfo failed: nodename nor servname provided, or not known (SQL: insert into `telescope_entries` (`batch_id`, `content`, `created_at`, `family_hash`, `type`, `uuid`) values (92e4a513-988e-477f-b83d-f0722baf9c1f, {"name":"cache:clearing","payload":[null,[]],"listeners":[],"broadcast":false,"hostname":"Aungs-MBP.lan"}, 2021-03-07 08:53:17, ?, event, 92e4a513-9590-4122-8b94-53e92405edfc), (92e4a513-988e-477f-b83d-f0722baf9c1f, {"name":"cache:cleared","payload":[null,[]],"listeners":[],"broadcast":false,"hostname":"Aungs-MBP.lan"}, 2021-03-07 08:53:17, ?, event, 92e4a513-981e-4fb5-96c5-84bd215cd55c), (92e4a513-988e-477f-b83d-f0722baf9c1f, {"command":"cache:clear","exit_code":0,"arguments":{"command":"cache:clear","store":null},"options":{"tags":null,"help":false,"quiet":false,"verbose":false,"version":false,"ansi":false,"no-ansi":false,"no-interaction":false,"env":null},"hostname":"Aungs-MBP.lan"}, 2021-03-07 08:53:17, ?, command, 92e4a513-986c-4997-9318-9bc0b4ce518c)) {"exception":"[object] (Illuminate\\Database\\QueryException(code: 2002): SQLSTATE[HY000] [2002] php_network_getaddresses: getaddrinfo failed: nodename nor servname provided, or not known (SQL: insert into `telescope_entries` (`batch_id`, `content`, `created_at`, `family_hash`, `type`, `uuid`) values (92e4a513-988e-477f-b83d-f0722baf9c1f, {\"name\":\"cache:clearing\",\"payload\":[null,[]],\"listeners\":[],\"broadcast\":false,\"hostname\":\"Aungs-MBP.lan\"}, 2021-03-07 08:53:17, ?, event, 92e4a513-9590-4122-8b94-53e92405edfc), (92e4a513-988e-477f-b83d-f0722baf9c1f, {\"name\":\"cache:cleared\",\"payload\":[null,[]],\"listeners\":[],\"broadcast\":false,\"hostname\":\"Aungs-MBP.lan\"}, 2021-03-07 08:53:17, ?, event, 92e4a513-981e-4fb5-96c5-84bd215cd55c), (92e4a513-988e-477f-b83d-f0722baf9c1f, {\"command\":\"cache:clear\",\"exit_code\":0,\"arguments\":{\"command\":\"cache:clear\",\"store\":null},\"options\":{\"tags\":null,\"help\":false,\"quiet\":false,\"verbose\":false,\"version\":false,\"ansi\":false,\"no-ansi\":false,\"no-interaction\":false,\"env\":null},\"hostname\":\"Aungs-MBP.lan\"}, 2021-03-07 08:53:17, ?, command, 92e4a513-986c-4997-9318-9bc0b4ce518c)) at /Users/aungmyooo/website/Re-Union/vendor/laravel/framework/src/Illuminate/Database/Connection.php:671)
[stacktrace]
#0 /Users/aungmyooo/website/Re-Union/vendor/laravel/framework/src/Illuminate/Database/Connection.php(631): Illuminate\\Database\\Connection->runQueryCallback('insert into `te...', Array, Object(Closure))
#1 /Users/aungmyooo/website/Re-Union/vendor/laravel/framework/src/Illuminate/Database/Connection.php(465): Illuminate\\Database\\Connection->run('insert into `te...', Array, Object(Closure))
#2 /Users/aungmyooo/website/Re-Union/vendor/laravel/framework/src/Illuminate/Database/Connection.php(417): Illuminate\\Database\\Connection->statement('insert into `te...', Array)
#3 /Users/aungmyooo/website/Re-Union/vendor/laravel/framework/src/Illuminate/Database/Query/Builder.php(2827): Illuminate\\Database\\Connection->insert('insert into `te...', Array)
#4 /Users/aungmyooo/website/Re-Union/vendor/laravel/telescope/src/Storage/DatabaseEntriesRepository.php(148): Illuminate\\Database\\Query\\Builder->insert(Array)
#5 /Users/aungmyooo/website/Re-Union/vendor/laravel/framework/src/Illuminate/Collections/Traits/EnumeratesValues.php(230): Laravel\\Telescope\\Storage\\DatabaseEntriesRepository->Laravel\\Telescope\\Storage\\{closure}(Object(Illuminate\\Support\\Collection), 0)
#6 /Users/aungmyooo/website/Re-Union/vendor/laravel/telescope/src/Storage/DatabaseEntriesRepository.php(149): Illuminate\\Support\\Collection->each(Object(Closure))
#7 /Users/aungmyooo/website/Re-Union/vendor/laravel/telescope/src/Telescope.php(609): Laravel\\Telescope\\Storage\\DatabaseEntriesRepository->store(Object(Illuminate\\Support\\Collection))
#8 [internal function]: Laravel\\Telescope\\Telescope::Laravel\\Telescope\\{closure}()
#9 /Users/aungmyooo/website/Re-Union/vendor/laravel/telescope/src/Telescope.php(242): call_user_func(Object(Closure))
#10 /Users/aungmyooo/website/Re-Union/vendor/laravel/telescope/src/Telescope.php(620): Laravel\\Telescope\\Telescope::withoutRecording(Object(Closure))
#11 /Users/aungmyooo/website/Re-Union/vendor/laravel/telescope/src/ListensForStorageOpportunities.php(44): Laravel\\Telescope\\Telescope::store(Object(Laravel\\Telescope\\Storage\\DatabaseEntriesRepository))
#12 [internal function]: Laravel\\Telescope\\Telescope::Laravel\\Telescope\\{closure}()
#13 /Users/aungmyooo/website/Re-Union/vendor/laravel/framework/src/Illuminate/Container/BoundMethod.php(37): call_user_func_array(Object(Closure), Array)
#14 /Users/aungmyooo/website/Re-Union/vendor/laravel/framework/src/Illuminate/Container/Util.php(40): Illuminate\\Container\\BoundMethod::Illuminate\\Container\\{closure}()
#15 /Users/aungmyooo/website/Re-Union/vendor/laravel/framework/src/Illuminate/Container/BoundMethod.php(83): Illuminate\\Container\\Util::unwrapIfClosure(Object(Closure))
#16 /Users/aungmyooo/website/Re-Union/vendor/laravel/framework/src/Illuminate/Container/BoundMethod.php(39): Illuminate\\Container\\BoundMethod::callBoundMethod(Object(Illuminate\\Foundation\\Application), Object(Closure), Object(Closure))
#17 /Users/aungmyooo/website/Re-Union/vendor/laravel/framework/src/Illuminate/Container/Container.php(596): Illuminate\\Container\\BoundMethod::call(Object(Illuminate\\Foundation\\Application), Object(Closure), Array, NULL)
#18 /Users/aungmyooo/website/Re-Union/vendor/laravel/framework/src/Illuminate/Foundation/Application.php(1095): Illuminate\\Container\\Container->call(Object(Closure))
#19 /Users/aungmyooo/website/Re-Union/vendor/laravel/framework/src/Illuminate/Foundation/Console/Kernel.php(148): Illuminate\\Foundation\\Application->terminate()
#20 /Users/aungmyooo/website/Re-Union/artisan(51): Illuminate\\Foundation\\Console\\Kernel->terminate(Object(Symfony\\Component\\Console\\Input\\ArgvInput), 0)
#21 {main}

[previous exception] [object] (PDOException(code: 2002): SQLSTATE[HY000] [2002] php_network_getaddresses: getaddrinfo failed: nodename nor servname provided, or not known at /Users/aungmyooo/website/Re-Union/vendor/laravel/framework/src/Illuminate/Database/Connectors/Connector.php:70)
[stacktrace]
#0 /Users/aungmyooo/website/Re-Union/vendor/laravel/framework/src/Illuminate/Database/Connectors/Connector.php(70): PDO->__construct('mysql:host=db;p...', 'root', 'union_export_im...', Array)
#1 /Users/aungmyooo/website/Re-Union/vendor/laravel/framework/src/Illuminate/Database/Connectors/Connector.php(46): Illuminate\\Database\\Connectors\\Connector->createPdoConnection('mysql:host=db;p...', 'root', 'union_export_im...', Array)
#2 /Users/aungmyooo/website/Re-Union/vendor/laravel/framework/src/Illuminate/Database/Connectors/MySqlConnector.php(24): Illuminate\\Database\\Connectors\\Connector->createConnection('mysql:host=db;p...', Array, Array)
#3 /Users/aungmyooo/website/Re-Union/vendor/laravel/framework/src/Illuminate/Database/Connectors/ConnectionFactory.php(184): Illuminate\\Database\\Connectors\\MySqlConnector->connect(Array)
#4 [internal function]: Illuminate\\Database\\Connectors\\ConnectionFactory->Illuminate\\Database\\Connectors\\{closure}()
#5 /Users/aungmyooo/website/Re-Union/vendor/laravel/framework/src/Illuminate/Database/Connection.php(926): call_user_func(Object(Closure))
#6 /Users/aungmyooo/website/Re-Union/vendor/laravel/framework/src/Illuminate/Database/Connection.php(458): Illuminate\\Database\\Connection->getPdo()
#7 /Users/aungmyooo/website/Re-Union/vendor/laravel/framework/src/Illuminate/Database/Connection.php(664): Illuminate\\Database\\Connection->Illuminate\\Database\\{closure}('insert into `te...', Array)
#8 /Users/aungmyooo/website/Re-Union/vendor/laravel/framework/src/Illuminate/Database/Connection.php(631): Illuminate\\Database\\Connection->runQueryCallback('insert into `te...', Array, Object(Closure))
#9 /Users/aungmyooo/website/Re-Union/vendor/laravel/framework/src/Illuminate/Database/Connection.php(465): Illuminate\\Database\\Connection->run('insert into `te...', Array, Object(Closure))
#10 /Users/aungmyooo/website/Re-Union/vendor/laravel/framework/src/Illuminate/Database/Connection.php(417): Illuminate\\Database\\Connection->statement('insert into `te...', Array)
#11 /Users/aungmyooo/website/Re-Union/vendor/laravel/framework/src/Illuminate/Database/Query/Builder.php(2827): Illuminate\\Database\\Connection->insert('insert into `te...', Array)
#12 /Users/aungmyooo/website/Re-Union/vendor/laravel/telescope/src/Storage/DatabaseEntriesRepository.php(148): Illuminate\\Database\\Query\\Builder->insert(Array)
#13 /Users/aungmyooo/website/Re-Union/vendor/laravel/framework/src/Illuminate/Collections/Traits/EnumeratesValues.php(230): Laravel\\Telescope\\Storage\\DatabaseEntriesRepository->Laravel\\Telescope\\Storage\\{closure}(Object(Illuminate\\Support\\Collection), 0)
#14 /Users/aungmyooo/website/Re-Union/vendor/laravel/telescope/src/Storage/DatabaseEntriesRepository.php(149): Illuminate\\Support\\Collection->each(Object(Closure))
#15 /Users/aungmyooo/website/Re-Union/vendor/laravel/telescope/src/Telescope.php(609): Laravel\\Telescope\\Storage\\DatabaseEntriesRepository->store(Object(Illuminate\\Support\\Collection))
#16 [internal function]: Laravel\\Telescope\\Telescope::Laravel\\Telescope\\{closure}()
#17 /Users/aungmyooo/website/Re-Union/vendor/laravel/telescope/src/Telescope.php(242): call_user_func(Object(Closure))
#18 /Users/aungmyooo/website/Re-Union/vendor/laravel/telescope/src/Telescope.php(620): Laravel\\Telescope\\Telescope::withoutRecording(Object(Closure))
#19 /Users/aungmyooo/website/Re-Union/vendor/laravel/telescope/src/ListensForStorageOpportunities.php(44): Laravel\\Telescope\\Telescope::store(Object(Laravel\\Telescope\\Storage\\DatabaseEntriesRepository))
#20 [internal function]: Laravel\\Telescope\\Telescope::Laravel\\Telescope\\{closure}()
#21 /Users/aungmyooo/website/Re-Union/vendor/laravel/framework/src/Illuminate/Container/BoundMethod.php(37): call_user_func_array(Object(Closure), Array)
#22 /Users/aungmyooo/website/Re-Union/vendor/laravel/framework/src/Illuminate/Container/Util.php(40): Illuminate\\Container\\BoundMethod::Illuminate\\Container\\{closure}()
#23 /Users/aungmyooo/website/Re-Union/vendor/laravel/framework/src/Illuminate/Container/BoundMethod.php(83): Illuminate\\Container\\Util::unwrapIfClosure(Object(Closure))
#24 /Users/aungmyooo/website/Re-Union/vendor/laravel/framework/src/Illuminate/Container/BoundMethod.php(39): Illuminate\\Container\\BoundMethod::callBoundMethod(Object(Illuminate\\Foundation\\Application), Object(Closure), Object(Closure))
#25 /Users/aungmyooo/website/Re-Union/vendor/laravel/framework/src/Illuminate/Container/Container.php(596): Illuminate\\Container\\BoundMethod::call(Object(Illuminate\\Foundation\\Application), Object(Closure), Array, NULL)
#26 /Users/aungmyooo/website/Re-Union/vendor/laravel/framework/src/Illuminate/Foundation/Application.php(1095): Illuminate\\Container\\Container->call(Object(Closure))
#27 /Users/aungmyooo/website/Re-Union/vendor/laravel/framework/src/Illuminate/Foundation/Console/Kernel.php(148): Illuminate\\Foundation\\Application->terminate()
#28 /Users/aungmyooo/website/Re-Union/artisan(51): Illuminate\\Foundation\\Console\\Kernel->terminate(Object(Symfony\\Component\\Console\\Input\\ArgvInput), 0)
#29 {main}

[previous exception] [object] (PDOException(code: 0): PDO::__construct(): php_network_getaddresses: getaddrinfo failed: nodename nor servname provided, or not known at /Users/aungmyooo/website/Re-Union/vendor/laravel/framework/src/Illuminate/Database/Connectors/Connector.php:70)
[stacktrace]
#0 /Users/aungmyooo/website/Re-Union/vendor/laravel/framework/src/Illuminate/Database/Connectors/Connector.php(70): PDO->__construct('mysql:host=db;p...', 'root', 'union_export_im...', Array)
#1 /Users/aungmyooo/website/Re-Union/vendor/laravel/framework/src/Illuminate/Database/Connectors/Connector.php(46): Illuminate\\Database\\Connectors\\Connector->createPdoConnection('mysql:host=db;p...', 'root', 'union_export_im...', Array)
#2 /Users/aungmyooo/website/Re-Union/vendor/laravel/framework/src/Illuminate/Database/Connectors/MySqlConnector.php(24): Illuminate\\Database\\Connectors\\Connector->createConnection('mysql:host=db;p...', Array, Array)
#3 /Users/aungmyooo/website/Re-Union/vendor/laravel/framework/src/Illuminate/Database/Connectors/ConnectionFactory.php(184): Illuminate\\Database\\Connectors\\MySqlConnector->connect(Array)
#4 [internal function]: Illuminate\\Database\\Connectors\\ConnectionFactory->Illuminate\\Database\\Connectors\\{closure}()
#5 /Users/aungmyooo/website/Re-Union/vendor/laravel/framework/src/Illuminate/Database/Connection.php(926): call_user_func(Object(Closure))
#6 /Users/aungmyooo/website/Re-Union/vendor/laravel/framework/src/Illuminate/Database/Connection.php(458): Illuminate\\Database\\Connection->getPdo()
#7 /Users/aungmyooo/website/Re-Union/vendor/laravel/framework/src/Illuminate/Database/Connection.php(664): Illuminate\\Database\\Connection->Illuminate\\Database\\{closure}('insert into `te...', Array)
#8 /Users/aungmyooo/website/Re-Union/vendor/laravel/framework/src/Illuminate/Database/Connection.php(631): Illuminate\\Database\\Connection->runQueryCallback('insert into `te...', Array, Object(Closure))
#9 /Users/aungmyooo/website/Re-Union/vendor/laravel/framework/src/Illuminate/Database/Connection.php(465): Illuminate\\Database\\Connection->run('insert into `te...', Array, Object(Closure))
#10 /Users/aungmyooo/website/Re-Union/vendor/laravel/framework/src/Illuminate/Database/Connection.php(417): Illuminate\\Database\\Connection->statement('insert into `te...', Array)
#11 /Users/aungmyooo/website/Re-Union/vendor/laravel/framework/src/Illuminate/Database/Query/Builder.php(2827): Illuminate\\Database\\Connection->insert('insert into `te...', Array)
#12 /Users/aungmyooo/website/Re-Union/vendor/laravel/telescope/src/Storage/DatabaseEntriesRepository.php(148): Illuminate\\Database\\Query\\Builder->insert(Array)
#13 /Users/aungmyooo/website/Re-Union/vendor/laravel/framework/src/Illuminate/Collections/Traits/EnumeratesValues.php(230): Laravel\\Telescope\\Storage\\DatabaseEntriesRepository->Laravel\\Telescope\\Storage\\{closure}(Object(Illuminate\\Support\\Collection), 0)
#14 /Users/aungmyooo/website/Re-Union/vendor/laravel/telescope/src/Storage/DatabaseEntriesRepository.php(149): Illuminate\\Support\\Collection->each(Object(Closure))
#15 /Users/aungmyooo/website/Re-Union/vendor/laravel/telescope/src/Telescope.php(609): Laravel\\Telescope\\Storage\\DatabaseEntriesRepository->store(Object(Illuminate\\Support\\Collection))
#16 [internal function]: Laravel\\Telescope\\Telescope::Laravel\\Telescope\\{closure}()
#17 /Users/aungmyooo/website/Re-Union/vendor/laravel/telescope/src/Telescope.php(242): call_user_func(Object(Closure))
#18 /Users/aungmyooo/website/Re-Union/vendor/laravel/telescope/src/Telescope.php(620): Laravel\\Telescope\\Telescope::withoutRecording(Object(Closure))
#19 /Users/aungmyooo/website/Re-Union/vendor/laravel/telescope/src/ListensForStorageOpportunities.php(44): Laravel\\Telescope\\Telescope::store(Object(Laravel\\Telescope\\Storage\\DatabaseEntriesRepository))
#20 [internal function]: Laravel\\Telescope\\Telescope::Laravel\\Telescope\\{closure}()
#21 /Users/aungmyooo/website/Re-Union/vendor/laravel/framework/src/Illuminate/Container/BoundMethod.php(37): call_user_func_array(Object(Closure), Array)
#22 /Users/aungmyooo/website/Re-Union/vendor/laravel/framework/src/Illuminate/Container/Util.php(40): Illuminate\\Container\\BoundMethod::Illuminate\\Container\\{closure}()
#23 /Users/aungmyooo/website/Re-Union/vendor/laravel/framework/src/Illuminate/Container/BoundMethod.php(83): Illuminate\\Container\\Util::unwrapIfClosure(Object(Closure))
#24 /Users/aungmyooo/website/Re-Union/vendor/laravel/framework/src/Illuminate/Container/BoundMethod.php(39): Illuminate\\Container\\BoundMethod::callBoundMethod(Object(Illuminate\\Foundation\\Application), Object(Closure), Object(Closure))
#25 /Users/aungmyooo/website/Re-Union/vendor/laravel/framework/src/Illuminate/Container/Container.php(596): Illuminate\\Container\\BoundMethod::call(Object(Illuminate\\Foundation\\Application), Object(Closure), Array, NULL)
#26 /Users/aungmyooo/website/Re-Union/vendor/laravel/framework/src/Illuminate/Foundation/Application.php(1095): Illuminate\\Container\\Container->call(Object(Closure))
#27 /Users/aungmyooo/website/Re-Union/vendor/laravel/framework/src/Illuminate/Foundation/Console/Kernel.php(148): Illuminate\\Foundation\\Application->terminate()
#28 /Users/aungmyooo/website/Re-Union/artisan(51): Illuminate\\Foundation\\Console\\Kernel->terminate(Object(Symfony\\Component\\Console\\Input\\ArgvInput), 0)
#29 {main}
"} 
